# JRE version: Java(TM) SE Runtime Environment (7.0_79-b15) (build 1.7.0_79-b15)
# Java VM: Java HotSpot(TM) 64-Bit Server VM (24.79-b02 mixed mode windows-amd64 compressed oops)
Heap
 PSYoungGen      total 176128K, used 46339K [0x00000000eaa80000, 0x00000000f6580000, 0x0000000100000000)
  eden space 160768K, 28% used [0x00000000eaa80000,0x00000000ed7c0e08,0x00000000f4780000)
  from space 15360K, 0% used [0x00000000f5680000,0x00000000f5680000,0x00000000f6580000)
  to   space 15360K, 0% used [0x00000000f4780000,0x00000000f4780000,0x00000000f5680000)
 ParOldGen       total 42496K, used 42463K [0x00000000c0000000, 0x00000000c2980000, 0x00000000eaa80000)
  object space 42496K, 99% used [0x00000000c0000000,0x00000000c2977c50,0x00000000c2980000)
 PSPermGen       total 99328K, used 49424K [0x00000000b0000000, 0x00000000b6100000, 0x00000000c0000000)
  object space 99328K, 49% used [0x00000000b0000000,0x00000000b3044180,0x00000000b6100000)
GC Heap History (10 events):
Event: 14.581 GC heap before
{Heap before GC invocations=10 (full 0):
 PSYoungGen      total 73216K, used 73201K [0x00000000eaa80000, 0x00000000f2480000, 0x0000000100000000)
  eden space 64512K, 100% used [0x00000000eaa80000,0x00000000ee980000,0x00000000ee980000)
  from space 8704K, 99% used [0x00000000ee980000,0x00000000ef1fc480,0x00000000ef200000)
  to   space 10752K, 0% used [0x00000000f1a00000,0x00000000f1a00000,0x00000000f2480000)
 ParOldGen       total 42496K, used 12893K [0x00000000c0000000, 0x00000000c2980000, 0x00000000eaa80000)
  object space 42496K, 30% used [0x00000000c0000000,0x00000000c0c975a8,0x00000000c2980000)
 PSPermGen       total 32768K, used 32423K [0x00000000b0000000, 0x00000000b2000000, 0x00000000c0000000)
  object space 32768K, 98% used [0x00000000b0000000,0x00000000b1fa9f00,0x00000000b2000000)
Event: 14.632 GC heap after
Heap after GC invocations=10 (full 0):
 PSYoungGen      total 111104K, used 10729K [0x00000000eaa80000, 0x00000000f2a80000, 0x0000000100000000)
  eden space 100352K, 0% used [0x00000000eaa80000,0x00000000eaa80000,0x00000000f0c80000)
  from space 10752K, 99% used [0x00000000f1a00000,0x00000000f247a730,0x00000000f2480000)
  to   space 13824K, 0% used [0x00000000f0c80000,0x00000000f0c80000,0x00000000f1a00000)
 ParOldGen       total 42496K, used 18596K [0x00000000c0000000, 0x00000000c2980000, 0x00000000eaa80000)
  object space 42496K, 43% used [0x00000000c0000000,0x00000000c1229150,0x00000000c2980000)
 PSPermGen       total 32768K, used 32423K [0x00000000b0000000, 0x00000000b2000000, 0x00000000c0000000)
  object space 32768K, 98% used [0x00000000b0000000,0x00000000b1fa9f00,0x00000000b2000000)
}
Event: 19.563 GC heap before
{Heap before GC invocations=11 (full 0):
 PSYoungGen      total 111104K, used 111081K [0x00000000eaa80000, 0x00000000f2a80000, 0x0000000100000000)
  eden space 100352K, 100% used [0x00000000eaa80000,0x00000000f0c80000,0x00000000f0c80000)
  from space 10752K, 99% used [0x00000000f1a00000,0x00000000f247a730,0x00000000f2480000)
  to   space 13824K, 0% used [0x00000000f0c80000,0x00000000f0c80000,0x00000000f1a00000)
 ParOldGen       total 42496K, used 18596K [0x00000000c0000000, 0x00000000c2980000, 0x00000000eaa80000)
  object space 42496K, 43% used [0x00000000c0000000,0x00000000c1229150,0x00000000c2980000)
 PSPermGen       total 35840K, used 35832K [0x00000000b0000000, 0x00000000b2300000, 0x00000000c0000000)
  object space 35840K, 99% used [0x00000000b0000000,0x00000000b22fe238,0x00000000b2300000)
Event: 19.629 GC heap after
Heap after GC invocations=11 (full 0):
 PSYoungGen      total 114176K, used 12888K [0x00000000eaa80000, 0x00000000f6580000, 0x0000000100000000)
  eden space 100352K, 0% used [0x00000000eaa80000,0x00000000eaa80000,0x00000000f0c80000)
  from space 13824K, 93% used [0x00000000f0c80000,0x00000000f1916240,0x00000000f1a00000)
  to   space 15360K, 0% used [0x00000000f5680000,0x00000000f5680000,0x00000000f6580000)
 ParOldGen       total 42496K, used 28282K [0x00000000c0000000, 0x00000000c2980000, 0x00000000eaa80000)
  object space 42496K, 66% used [0x00000000c0000000,0x00000000c1b9e808,0x00000000c2980000)
 PSPermGen       total 35840K, used 35832K [0x00000000b0000000, 0x00000000b2300000, 0x00000000c0000000)
  object space 35840K, 99% used [0x00000000b0000000,0x00000000b22fe238,0x00000000b2300000)
}
Event: 24.286 GC heap before
{Heap before GC invocations=12 (full 0):
 PSYoungGen      total 114176K, used 99406K [0x00000000eaa80000, 0x00000000f6580000, 0x0000000100000000)
  eden space 100352K, 86% used [0x00000000eaa80000,0x00000000efefd7d0,0x00000000f0c80000)
  from space 13824K, 93% used [0x00000000f0c80000,0x00000000f1916240,0x00000000f1a00000)
  to   space 15360K, 0% used [0x00000000f5680000,0x00000000f5680000,0x00000000f6580000)
 ParOldGen       total 42496K, used 28282K [0x00000000c0000000, 0x00000000c2980000, 0x00000000eaa80000)
  object space 42496K, 66% used [0x00000000c0000000,0x00000000c1b9e808,0x00000000c2980000)
 PSPermGen       total 41984K, used 41729K [0x00000000b0000000, 0x00000000b2900000, 0x00000000c0000000)
  object space 41984K, 99% used [0x00000000b0000000,0x00000000b28c0768,0x00000000b2900000)
Event: 24.328 GC heap after
Heap after GC invocations=12 (full 0):
 PSYoungGen      total 176128K, used 8579K [0x00000000eaa80000, 0x00000000f6580000, 0x0000000100000000)
  eden space 160768K, 0% used [0x00000000eaa80000,0x00000000eaa80000,0x00000000f4780000)
  from space 15360K, 55% used [0x00000000f5680000,0x00000000f5ee0d40,0x00000000f6580000)
  to   space 15360K, 0% used [0x00000000f4780000,0x00000000f4780000,0x00000000f5680000)
 ParOldGen       total 42496K, used 39291K [0x00000000c0000000, 0x00000000c2980000, 0x00000000eaa80000)
  object space 42496K, 92% used [0x00000000c0000000,0x00000000c265ed00,0x00000000c2980000)
 PSPermGen       total 41984K, used 41729K [0x00000000b0000000, 0x00000000b2900000, 0x00000000c0000000)
  object space 41984K, 99% used [0x00000000b0000000,0x00000000b28c0768,0x00000000b2900000)
}
Event: 24.328 GC heap before
{Heap before GC invocations=13 (full 1):
 PSYoungGen      total 176128K, used 8579K [0x00000000eaa80000, 0x00000000f6580000, 0x0000000100000000)
  eden space 160768K, 0% used [0x00000000eaa80000,0x00000000eaa80000,0x00000000f4780000)
  from space 15360K, 55% used [0x00000000f5680000,0x00000000f5ee0d40,0x00000000f6580000)
  to   space 15360K, 0% used [0x00000000f4780000,0x00000000f4780000,0x00000000f5680000)
 ParOldGen       total 42496K, used 39291K [0x00000000c0000000, 0x00000000c2980000, 0x00000000eaa80000)
  object space 42496K, 92% used [0x00000000c0000000,0x00000000c265ed00,0x00000000c2980000)
 PSPermGen       total 41984K, used 41729K [0x00000000b0000000, 0x00000000b2900000, 0x00000000c0000000)
  object space 41984K, 99% used [0x00000000b0000000,0x00000000b28c0768,0x00000000b2900000)
Event: 24.872 GC heap after
Heap after GC invocations=13 (full 1):
 PSYoungGen      total 176128K, used 0K [0x00000000eaa80000, 0x00000000f6580000, 0x0000000100000000)
  eden space 160768K, 0% used [0x00000000eaa80000,0x00000000eaa80000,0x00000000f4780000)
  from space 15360K, 0% used [0x00000000f5680000,0x00000000f5680000,0x00000000f6580000)
  to   space 15360K, 0% used [0x00000000f4780000,0x00000000f4780000,0x00000000f5680000)
 ParOldGen       total 42496K, used 37834K [0x00000000c0000000, 0x00000000c2980000, 0x00000000eaa80000)
  object space 42496K, 89% used [0x00000000c0000000,0x00000000c24f2838,0x00000000c2980000)
 PSPermGen       total 83456K, used 41704K [0x00000000b0000000, 0x00000000b5180000, 0x00000000c0000000)
  object space 83456K, 49% used [0x00000000b0000000,0x00000000b28ba3e8,0x00000000b5180000)
}
Event: 125.073 GC heap before
{Heap before GC invocations=14 (full 2):
 PSYoungGen      total 176128K, used 160768K [0x00000000eaa80000, 0x00000000f6580000, 0x0000000100000000)
  eden space 160768K, 100% used [0x00000000eaa80000,0x00000000f4780000,0x00000000f4780000)
  from space 15360K, 0% used [0x00000000f5680000,0x00000000f5680000,0x00000000f6580000)
  to   space 15360K, 0% used [0x00000000f4780000,0x00000000f4780000,0x00000000f5680000)
 ParOldGen       total 42496K, used 37834K [0x00000000c0000000, 0x00000000c2980000, 0x00000000eaa80000)
  object space 42496K, 89% used [0x00000000c0000000,0x00000000c24f2838,0x00000000c2980000)
 PSPermGen       total 83456K, used 48882K [0x00000000b0000000, 0x00000000b5180000, 0x00000000c0000000)
  object space 83456K, 58% used [0x00000000b0000000,0x00000000b2fbcb50,0x00000000b5180000)
Event: 125.755 GC heap after
Heap after GC invocations=14 (full 2):
 PSYoungGen      total 176128K, used 10452K [0x00000000eaa80000, 0x00000000f6580000, 0x0000000100000000)
  eden space 160768K, 6% used [0x00000000eaa80000,0x00000000eb4b53f8,0x00000000f4780000)
  from space 15360K, 0% used [0x00000000f5680000,0x00000000f5680000,0x00000000f6580000)
  to   space 15360K, 0% used [0x00000000f4780000,0x00000000f4780000,0x00000000f5680000)
 ParOldGen       total 42496K, used 42463K [0x00000000c0000000, 0x00000000c2980000, 0x00000000eaa80000)
  object space 42496K, 99% used [0x00000000c0000000,0x00000000c2977c50,0x00000000c2980000)
 PSPermGen       total 99328K, used 48877K [0x00000000b0000000, 0x00000000b6100000, 0x00000000c0000000)
  object space 99328K, 49% used [0x00000000b0000000,0x00000000b2fbb6c8,0x00000000b6100000)
}

